[0.009s] Invoking command in '/home/najib-chowdhury/najib/ros2/ros2_ws/build/ros2_rover_interfaces': DEBUGINFOD_URLS=https://debuginfod.ubuntu.com /usr/bin/cmake /home/najib-chowdhury/najib/ros2/ros2_ws/src/ros2_rover_interfaces -DCMAKE_INSTALL_PREFIX=/home/najib-chowdhury/najib/ros2/ros2_ws/install/ros2_rover_interfaces
[0.097s] -- The C compiler identification is GNU 13.3.0
[0.186s] -- The CXX compiler identification is GNU 13.3.0
[0.208s] -- Detecting C compiler ABI info
[0.348s] -- Detecting C compiler ABI info - done
[0.364s] -- Check for working C compiler: /usr/bin/cc - skipped
[0.364s] -- Detecting C compile features
[0.365s] -- Detecting C compile features - done
[0.378s] -- Detecting CXX compiler ABI info
[0.555s] -- Detecting CXX compiler ABI info - done
[0.587s] -- Check for working CXX compiler: /usr/bin/c++ - skipped
[0.588s] -- Detecting CXX compile features
[0.589s] -- Detecting CXX compile features - done
[0.613s] [31mCMake Error at CMakeLists.txt:4 (find_package):
[0.613s]   By not providing "Findament_cmake.cmake" in CMAKE_MODULE_PATH this project
[0.613s]   has asked CMake to find a package configuration file provided by
[0.614s]   "ament_cmake", but CMake did not find one.
[0.614s] 
[0.614s]   Could not find a package configuration file provided by "ament_cmake" with
[0.614s]   any of the following names:
[0.614s] 
[0.615s]     ament_cmakeConfig.cmake
[0.615s]     ament_cmake-config.cmake
[0.615s] 
[0.615s]   Add the installation prefix of "ament_cmake" to CMAKE_PREFIX_PATH or set
[0.616s]   "ament_cmake_DIR" to a directory containing one of the above files.  If
[0.616s]   "ament_cmake" provides a separate development package or SDK, be sure it
[0.616s]   has been installed.
[0.616s] 
[0.617s] [0m
[0.617s] -- Configuring incomplete, errors occurred!
[0.622s] Invoked command in '/home/najib-chowdhury/najib/ros2/ros2_ws/build/ros2_rover_interfaces' returned '1': DEBUGINFOD_URLS=https://debuginfod.ubuntu.com /usr/bin/cmake /home/najib-chowdhury/najib/ros2/ros2_ws/src/ros2_rover_interfaces -DCMAKE_INSTALL_PREFIX=/home/najib-chowdhury/najib/ros2/ros2_ws/install/ros2_rover_interfaces
